<?xml version="1.0" encoding="UTF-8"?>
<testng-results ignored="0" total="1" passed="1" failed="0" skipped="0">
  <reporter-output>
  </reporter-output>
  <suite started-at="2025-10-04T16:52:21 IST" name="Default suite" finished-at="2025-10-04T16:52:23 IST" duration-ms="2089">
    <groups>
    </groups>
    <test started-at="2025-10-04T16:52:21 IST" name="Default test" finished-at="2025-10-04T16:52:23 IST" duration-ms="2089">
      <class name="day4.CookiesTesting">
        <test-method signature="cookies()[pri:0, instance:day4.CookiesTesting@3646a422]" started-at="2025-10-04T16:52:21 IST" name="cookies" finished-at="2025-10-04T16:52:23 IST" duration-ms="2044" status="PASS">
          <reporter-output>
          </reporter-output>
        </test-method> <!-- cookies -->
      </class> <!-- day4.CookiesTesting -->
    </test> <!-- Default test -->
  </suite> <!-- Default suite -->
</testng-results>
