<?xml version="1.0" encoding="UTF-8"?>
<!-- Generated by org.testng.reporters.JUnitXMLReporter -->
<testsuite ignored="0" hostname="LAPTOP-5SGPDORB" failures="0" tests="3" name="Serialization and De-Serialization Tests" time="2.69" errors="0" timestamp="2025-08-24T20:43:56 IST">
  <testcase classname="day8.Serialization" name="SerializationTest" time="2.446"/>
  <testcase classname="day8.DeSerialization" name="DeSerializationTest" time="0.155"/>
  <testcase classname="day8.Serialization" name="deleteUser" time="0.018"/>
</testsuite> <!-- Serialization and De-Serialization Tests -->
